<?xml version="1.0" encoding="UTF-8"?>
<!-- Generated by org.testng.reporters.JUnitXMLReporter -->
<testsuite ignored="7" hostname="DESKTOP-92JRU26" failures="0" tests="3" name="Test" time="15.763" errors="0" timestamp="2024-06-01T16:34:30 IST">
  <testcase classname="testngframework.TestNG_8_TCs_Groups_Run" name="facebook" time="2.701"/>
  <testcase classname="testngframework.TestNG_8_TCs_Groups_Run" name="gmail" time="4.236"/>
  <testcase classname="testngframework.TestNG_8_TCs_Groups_Run" name="twitter" time="5.461"/>
  <testcase classname="testngframework.TestNG_8_TCs_Groups_Run" name="selenium" time="0.0">
    <ignored/>
  </testcase> <!-- selenium -->
  <testcase classname="testngframework.TestNG_8_TCs_Groups_Run" name="techlearn" time="0.0">
    <ignored/>
  </testcase> <!-- techlearn -->
  <testcase classname="testngframework.TestNG_8_TCs_Groups_Run" name="seleniumlearn" time="0.0">
    <ignored/>
  </testcase> <!-- seleniumlearn -->
  <testcase classname="testngframework.TestNG_8_TCs_Groups_Run" name="redmine" time="0.0">
    <ignored/>
  </testcase> <!-- redmine -->
  <testcase classname="testngframework.TestNG_8_TCs_Groups_Run" name="swiggy" time="0.0">
    <ignored/>
  </testcase> <!-- swiggy -->
  <testcase classname="testngframework.TestNG_8_TCs_Groups_Run" name="zomato" time="0.0">
    <ignored/>
  </testcase> <!-- zomato -->
  <testcase classname="testngframework.TestNG_8_TCs_Groups_Run" name="google" time="0.0">
    <ignored/>
  </testcase> <!-- google -->
</testsuite> <!-- Test -->
