<?xml version="1.0" encoding="UTF-8"?>
<!-- Generated by org.testng.reporters.JUnitReportReporter -->
<testsuite hostname="DESKTOP-92JRU26" failures="0" tests="1" name="surekatestngframework.TestNG_0_Annotations_Execution_Order" time="0.012" errors="0" timestamp="2024-06-07T01:10:41 IST" skipped="0">
  <testcase classname="surekatestngframework.TestNG_0_Annotations_Execution_Order" name="f" time="0.012"/>
  <system-out/>
</testsuite> <!-- surekatestngframework.TestNG_0_Annotations_Execution_Order -->
