<?xml version="1.0" encoding="UTF-8"?>
<!-- Generated by org.testng.reporters.JUnitReportReporter -->
<testsuite hostname="DESKTOP-92JRU26" failures="0" tests="4" name="surekatestngframework.TestNG_0_S" time="6.323" errors="0" timestamp="2024-06-08T23:09:07 IST" skipped="1">
  <testcase classname="surekatestngframework.TestNG_0_S" name="redminemethod2" time="1.579"/>
  <system-out/>
  <testcase classname="surekatestngframework.TestNG_0_S" name="f" time="0.010"/>
  <system-out/>
  <testcase classname="surekatestngframework.TestNG_0_S" name="googlemethod1" time="4.734"/>
  <system-out/>
  <testcase classname="surekatestngframework.TestNG_0_S" name="facebook">
    <skipped/>
  </testcase> <!-- facebook -->
  <system-out/>
</testsuite> <!-- surekatestngframework.TestNG_0_S -->
