<?xml version="1.0" encoding="UTF-8"?>
<!-- Generated by org.testng.reporters.JUnitReportReporter -->
<testsuite hostname="DESKTOP-92JRU26" failures="0" tests="2" name="testngframework.TestNG_7_Run_TCs_XML_File" time="5.647" errors="0" timestamp="2024-06-01T15:42:23 IST" skipped="0">
  <testcase classname="testngframework.TestNG_7_Run_TCs_XML_File" name="selenium" time="1.084"/>
  <system-out/>
  <testcase classname="testngframework.TestNG_7_Run_TCs_XML_File" name="google" time="4.563"/>
  <system-out/>
</testsuite> <!-- testngframework.TestNG_7_Run_TCs_XML_File -->
