<?xml version="1.0" encoding="UTF-8"?>
<!-- Generated by org.testng.reporters.JUnitReportReporter -->
<testsuite hostname="DESKTOP-92JRU26" failures="0" tests="2" name="testngframework.TestNG_5_DepndsOnMethods" time="4.005" errors="0" timestamp="2024-06-01T12:36:36 IST" skipped="0">
  <testcase classname="testngframework.TestNG_5_DepndsOnMethods" name="method2" time="3.395"/>
  <system-out/>
  <testcase classname="testngframework.TestNG_5_DepndsOnMethods" name="method1" time="0.610"/>
  <system-out/>
</testsuite> <!-- testngframework.TestNG_5_DepndsOnMethods -->
