<?xml version="1.0" encoding="UTF-8"?>
<!-- Generated by org.testng.reporters.JUnitReportReporter -->
<testsuite hostname="DESKTOP-92JRU26" failures="0" tests="6" name="testngframework.TestNG_1_TCs_Execution_Order" time="48.623" errors="0" timestamp="2024-06-01T11:05:28 IST" skipped="0">
  <testcase classname="testngframework.TestNG_1_TCs_Execution_Order" name="gmail" time="4.006"/>
  <system-out/>
  <testcase classname="testngframework.TestNG_1_TCs_Execution_Order" name="google" time="0.726"/>
  <system-out/>
  <testcase classname="testngframework.TestNG_1_TCs_Execution_Order" name="redmine" time="10.560"/>
  <system-out/>
  <testcase classname="testngframework.TestNG_1_TCs_Execution_Order" name="twitter" time="6.825"/>
  <system-out/>
  <testcase classname="testngframework.TestNG_1_TCs_Execution_Order" name="selenium" time="24.164"/>
  <system-out/>
  <testcase classname="testngframework.TestNG_1_TCs_Execution_Order" name="facebook" time="2.342"/>
  <system-out/>
</testsuite> <!-- testngframework.TestNG_1_TCs_Execution_Order -->
