<?xml version="1.0" encoding="UTF-8"?>
<!-- Generated by org.testng.reporters.JUnitReportReporter -->
<testsuite hostname="DESKTOP-92JRU26" failures="0" tests="3" name="testngframework.TestNG_8_TCs_Groups_Run" time="12.398" errors="0" timestamp="2024-06-01T16:34:30 IST" skipped="0">
  <testcase classname="testngframework.TestNG_8_TCs_Groups_Run" name="twitter" time="5.461"/>
  <system-out/>
  <testcase classname="testngframework.TestNG_8_TCs_Groups_Run" name="gmail" time="4.236"/>
  <system-out/>
  <testcase classname="testngframework.TestNG_8_TCs_Groups_Run" name="facebook" time="2.701"/>
  <system-out/>
</testsuite> <!-- testngframework.TestNG_8_TCs_Groups_Run -->
