<?xml version="1.0" encoding="UTF-8"?>
<!-- Generated by org.testng.reporters.JUnitReportReporter -->
<testsuite hostname="DESKTOP-92JRU26" failures="0" tests="6" name="testngframework.TestNG_3_TCs_Skip_Ignore_Disabled" time="6.995" errors="0" timestamp="2024-06-01T11:42:00 IST" skipped="3">
  <testcase classname="testngframework.TestNG_3_TCs_Skip_Ignore_Disabled" name="selenium" time="2.787"/>
  <system-out/>
  <testcase classname="testngframework.TestNG_3_TCs_Skip_Ignore_Disabled" name="gmail" time="3.497"/>
  <system-out/>
  <testcase classname="testngframework.TestNG_3_TCs_Skip_Ignore_Disabled" name="facebook" time="0.711"/>
  <system-out/>
  <testcase classname="testngframework.TestNG_3_TCs_Skip_Ignore_Disabled" name="redmine">
    <skipped/>
  </testcase> <!-- redmine -->
  <system-out/>
  <testcase classname="testngframework.TestNG_3_TCs_Skip_Ignore_Disabled" name="twitter">
    <skipped/>
  </testcase> <!-- twitter -->
  <system-out/>
  <testcase classname="testngframework.TestNG_3_TCs_Skip_Ignore_Disabled" name="google">
    <skipped/>
  </testcase> <!-- google -->
  <system-out/>
</testsuite> <!-- testngframework.TestNG_3_TCs_Skip_Ignore_Disabled -->
