<?xml version="1.0" encoding="UTF-8"?>
<!-- Generated by org.testng.reporters.JUnitReportReporter -->
<testsuite hostname="DESKTOP-92JRU26" failures="0" tests="6" name="testngframework.TestNG_2_TCs_Priority_Order" time="14.836" errors="0" timestamp="2024-06-07T01:25:42 IST" skipped="0">
  <testcase classname="testngframework.TestNG_2_TCs_Priority_Order" name="google" time="1.313"/>
  <system-out/>
  <testcase classname="testngframework.TestNG_2_TCs_Priority_Order" name="selenium" time="4.942"/>
  <system-out/>
  <testcase classname="testngframework.TestNG_2_TCs_Priority_Order" name="redmine" time="0.638"/>
  <system-out/>
  <testcase classname="testngframework.TestNG_2_TCs_Priority_Order" name="gmail" time="3.418"/>
  <system-out/>
  <testcase classname="testngframework.TestNG_2_TCs_Priority_Order" name="twitter" time="3.890"/>
  <system-out/>
  <testcase classname="testngframework.TestNG_2_TCs_Priority_Order" name="facebook" time="0.635"/>
  <system-out/>
</testsuite> <!-- testngframework.TestNG_2_TCs_Priority_Order -->
