<?xml version="1.0" encoding="UTF-8"?>
<!-- Generated by org.testng.reporters.JUnitReportReporter -->
<testsuite hostname="DESKTOP-92JRU26" failures="0" tests="2" name="pagescrolldownandup.PageScrollUpandDown" time="13.229" errors="0" timestamp="2024-06-23T14:21:37 IST" skipped="0">
  <testcase classname="pagescrolldownandup.PageScrollUpandDown" name="Pagescrolldn" time="7.184"/>
  <system-out/>
  <testcase classname="pagescrolldownandup.PageScrollUpandDown" name="Pagescrollup" time="6.045"/>
  <system-out/>
</testsuite> <!-- pagescrolldownandup.PageScrollUpandDown -->
